<?xml version="1.0" encoding="UTF-8"?>
<testng-results skipped="0" failed="0" ignored="0" total="1" passed="1">
  <reporter-output>
  </reporter-output>
  <suite name="Default suite" duration-ms="32509" started-at="2020-01-10T17:43:39Z" finished-at="2020-01-10T17:44:12Z">
    <groups>
    </groups>
    <test name="Default test" duration-ms="32509" started-at="2020-01-10T17:43:39Z" finished-at="2020-01-10T17:44:12Z">
      <class name="test.AmazonFlipkartTestCase">
        <test-method status="PASS" signature="beforeTestMethod()[pri:0, instance:test.AmazonFlipkartTestCase@5442a311]" name="beforeTestMethod" is-config="true" duration-ms="13" started-at="2020-01-10T17:43:39Z" finished-at="2020-01-10T17:43:39Z">
          <reporter-output>
          </reporter-output>
        </test-method> <!-- beforeTestMethod -->
        <test-method status="PASS" signature="testHomePageAppearCorrect()[pri:0, instance:test.AmazonFlipkartTestCase@5442a311]" name="testHomePageAppearCorrect" duration-ms="31803" started-at="2020-01-10T17:43:39Z" finished-at="2020-01-10T17:44:11Z">
          <reporter-output>
          </reporter-output>
        </test-method> <!-- testHomePageAppearCorrect -->
        <test-method status="PASS" signature="afterTestMethod()[pri:0, instance:test.AmazonFlipkartTestCase@5442a311]" name="afterTestMethod" is-config="true" duration-ms="672" started-at="2020-01-10T17:44:11Z" finished-at="2020-01-10T17:44:12Z">
          <reporter-output>
          </reporter-output>
        </test-method> <!-- afterTestMethod -->
      </class> <!-- test.AmazonFlipkartTestCase -->
    </test> <!-- Default test -->
  </suite> <!-- Default suite -->
</testng-results>
